生成启动时间为 2014/4/26 9:13:49。
     1>项目“F:\cocos2d-x-2.2.3\Games.src\MyGame\proj.win32\mygame.vcxproj”在节点 2 上(build 个目标)。
     1>PrepareForBuild:
         正在创建目录“F:\cocos2d-x-2.2.3\Games.Debug\mygame\”。
       InitializeBuildStatus:
         正在对“Debug.win32\mygame.unsuccessfulbuild”执行 Touch 任务。
       ClCompile:
         d:\Program Files (x86)\Microsoft Visual Studio 10.0\VC\bin\CL.exe /c /I"F:\cocos2d-x-2.2.3\Games.src\MyGame\proj.win32\..\..\..\..\cocos2dx" /I"F:\cocos2d-x-2.2.3\Games.src\MyGame\proj.win32\..\..\..\..\cocos2dx\include" /I"F:\cocos2d-x-2.2.3\Games.src\MyGame\proj.win32\..\..\..\..\cocos2dx\kazmath\include" /I"F:\cocos2d-x-2.2.3\Games.src\MyGame\proj.win32\..\..\..\..\cocos2dx\platform\win32" /I"F:\cocos2d-x-2.2.3\Games.src\MyGame\proj.win32\..\..\..\..\cocos2dx\platform\third_party\win32" /I"F:\cocos2d-x-2.2.3\Games.src\MyGame\proj.win32\..\..\..\..\cocos2dx\platform\third_party\win32\OGLES" /I"F:\cocos2d-x-2.2.3\Games.src\MyGame\proj.win32\..\..\..\..\cocos2dx\platform\third_party\win32\pthread" /I"F:\cocos2d-x-2.2.3\Games.src\MyGame\proj.win32\..\..\..\..\external" /I"F:\cocos2d-x-2.2.3\Games.src\MyGame\proj.win32\..\..\..\..\external\chipmunk\include\chipmunk" /I"F:\cocos2d-x-2.2.3\Games.src\MyGame\proj.win32\..\..\..\..\external\libwebsockets\win32\include" /I"F:\cocos2d-x-2.2.3\Games.src\MyGame\proj.win32\..\..\..\..\CocosDenshion\include" /I"F:\cocos2d-x-2.2.3\Games.src\MyGame\proj.win32\..\..\..\..\extensions" /I"F:\cocos2d-x-2.2.3\Games.src\MyGame\proj.win32\..\..\..\..\extensions\network" /I..\Classes /I.. /ZI /nologo /W3 /WX- /Od /Oy- /D WIN32 /D _DEBUG /D _WINDOWS /D _USE_MATH_DEFINES /D GL_GLEXT_PROTOTYPES /D CC_ENABLE_CHIPMUNK_INTEGRATION=1 /D COCOS2D_DEBUG=1 /D _CRT_SECURE_NO_WARNINGS /D _SCL_SECURE_NO_WARNINGS /D _UNICODE /D UNICODE /Gm /EHsc /RTC1 /MDd /GS /fp:precise /Zc:wchar_t /Zc:forScope /Fo"Debug.win32\\" /Fd"Debug.win32\vc100.pdb" /Gd /TP /wd4267 /wd4251 /wd4244 /analyze- /errorReport:prompt ..\Classes\AppDelegate.cpp ..\Classes\VisibleRect.cpp ..\Classes\controller.cpp ..\Classes\testBasic.cpp main.cpp
         main.cpp
     1>f:\cocos2d-x-2.2.3\games.src\mygame\proj.win32\main.h(11): fatal error C1083: 无法打开包括文件:“CCStdC.h”: No such file or directory
         testBasic.cpp
     1>f:\cocos2d-x-2.2.3\games.src\mygame\classes\testbasic.h(4): fatal error C1083: 无法打开包括文件:“cocos2d.h”: No such file or directory
         controller.cpp
     1>f:\cocos2d-x-2.2.3\games.src\mygame\classes\controller.h(4): fatal error C1083: 无法打开包括文件:“cocos2d.h”: No such file or directory
         VisibleRect.cpp
     1>f:\cocos2d-x-2.2.3\games.src\mygame\classes\visiblerect.h(4): fatal error C1083: 无法打开包括文件:“cocos2d.h”: No such file or directory
         AppDelegate.cpp
     1>f:\cocos2d-x-2.2.3\games.src\mygame\classes\appdelegate.h(4): fatal error C1083: 无法打开包括文件:“cocos2d.h”: No such file or directory
         正在生成代码...
     1>已完成生成项目“F:\cocos2d-x-2.2.3\Games.src\MyGame\proj.win32\mygame.vcxproj”(build 个目标)的操作 - 失败。

生成失败。

已用时间 00:00:01.32
